22:54:14 INFO  manager.ApplicationManager - All tests start in Chrome Browser
22:54:26 INFO  TestBase - Test starts with data--->Car(location=Haifa, Israel, make=Bmw, model=5, year=2001, engine=2.0, fuel=Petrol, gear=MT, wD=RWD, doors=4, seats=5, classCar=M, fuelConsumption=5, carRegistrationNumber=10758, distance=5000, price=99.9, featureS=plus, about=strong car)
22:54:37 INFO  TestBase - Test starts with data--->Car(location=Haifa, Israel, make=BMW, model=M5, year=2020, engine=2.5, fuel=Petrol, gear=AT, wD=AWD, doors=4, seats=5, classCar=M, fuelConsumption=5, carRegistrationNumber=10-101152, distance=4500, price=99.9, featureS=plus, about=strong car)
22:54:47 INFO  TestBase - Test starts with data--->Car(location=Haifa, Israel, make=BMW, model=M5, year=2020, engine=2.5, fuel=Petrol, gear=AT, wD=AWD, doors=4, seats=5, classCar=M, fuelConsumption=5, carRegistrationNumber=10-101382, distance=4500, price=99.9, featureS=plus, about=strong car)
22:54:57 INFO  TestBase - Test starts with data--->Car(location=Haifa, Israel, make=BMW, model=M5, year=2020, engine=2.5, fuel=Petrol, gear=AT, wD=AWD, doors=4, seats=5, classCar=M, fuelConsumption=5, carRegistrationNumber=10-101531, distance=4500, price=99.9, featureS=plus, about=strong car)
22:55:28 INFO  TestBase - Test loginSuccess
22:55:28 INFO  TestBase - user data with mail--noa@gmail.com and password--Nnoa12345$
22:55:30 INFO  TestBase - asserts passed
22:55:32 INFO  TestBase - Login success with data email noa@gmail.com and data password Nnoa12345$
22:55:36 INFO  TestBase - Login success with data email sonya@gmail.com and data password Ss12345$
22:55:40 INFO  TestBase - Login success with data email totti10@mail.uz and data password Ttotti10new$
22:55:48 INFO  TestBase - Login success with modelUser{email='totti10@mail.uz', password='Ttotti10new$', name='null', lastName='null', phone='null'}
22:55:52 INFO  TestBase - Login success with modelUser{email='noa@gmail.com', password='Nnoa12345$', name='null', lastName='null', phone='null'}
22:55:57 INFO  TestBase - Login success with modelUser{email='sonya@gmail.com', password='Ss12345$', name='null', lastName='null', phone='null'}
22:56:34 INFO  TestBase - Registration success: User{email='dana19990@mail.com', password='Zz123456$', name='Zoa', lastName='Dow', phone='null'}
22:56:36 INFO  TestBase - Assert passed 'Get Title message' and 'Is logged'
22:56:41 INFO  TestBase - Registration success: User{email='kinoa19990@mail.com', password='Nn123456$', name='Noa', lastName='Snow', phone='null'}
22:56:43 INFO  TestBase - Assert passed 'Get Title message' and 'Is logged'
22:56:48 INFO  TestBase - Registration success: User{email='piter19990@mail.com', password='Kk123456$', name='Katy', lastName='Fox', phone='null'}
22:56:51 INFO  TestBase - Assert passed 'Get Title message' and 'Is logged'
22:56:56 INFO  TestBase - Registration success: User{email='fred19990@mail.com', password='Jj123456$', name='John', lastName='Wicck', phone='null'}
22:56:59 INFO  TestBase - Assert passed 'Get Title message' and 'Is logged'
22:57:13 INFO  manager.HelperSearch - OS is --->Windows 10
22:57:17 INFO  manager.HelperSearch - OS is --->Windows 10
22:57:21 INFO  manager.HelperSearch - OS is --->Windows 10
22:57:25 INFO  TestBase - Assert passed
