18:27:07 INFO  manager.ApplicationManager - All tests start in  ChromeDriver
18:27:12 INFO  manager.MyListener - Before Find Elements By -->By.xpath: //a[.=' Logout ']
18:27:15 INFO  manager.MyListener - After Find Elements By -->By.xpath: //a[.=' Logout ']
18:27:15 INFO  manager.MyListener - List size is -->0
18:27:15 INFO  manager.MyListener - Before Find Element By -->By.xpath: //a[.=' Sign up ']
18:27:15 INFO  manager.MyListener - After Find Element By -->By.xpath: //a[.=' Sign up ']
18:27:15 INFO  manager.MyListener - Before Find Element By -->By.cssSelector: #email
18:27:15 INFO  manager.MyListener - After Find Element By -->By.cssSelector: #email
18:27:16 INFO  manager.MyListener - Before Find Element By -->By.cssSelector: #password
18:27:16 INFO  manager.MyListener - After Find Element By -->By.cssSelector: #password
18:27:16 INFO  manager.MyListener - Before Find Element By -->By.cssSelector: #name
18:27:16 INFO  manager.MyListener - After Find Element By -->By.cssSelector: #name
18:27:16 INFO  manager.MyListener - Before Find Element By -->By.cssSelector: #lastName
18:27:16 INFO  manager.MyListener - After Find Element By -->By.cssSelector: #lastName
18:27:16 INFO  manager.MyListener - Before Find Element By -->By.cssSelector: label[for='terms-of-use']
18:27:16 INFO  manager.MyListener - After Find Element By -->By.cssSelector: label[for='terms-of-use']
18:27:20 INFO  manager.MyListener - Before Find Element By -->By.xpath: //*[@type='submit']
18:27:21 INFO  manager.MyListener - After Find Element By -->By.xpath: //*[@type='submit']
18:27:21 INFO  manager.MyListener - Before Find Elements By -->By.xpath: //a[.=' Logout ']
18:27:21 INFO  manager.MyListener - After Find Elements By -->By.xpath: //a[.=' Logout ']
18:27:21 INFO  manager.MyListener - List size is -->1
18:27:21 INFO  manager.MyListener - Before Find Element By -->By.cssSelector: div.dialog-container
18:27:21 INFO  manager.MyListener - After Find Element By -->By.cssSelector: div.dialog-container
18:27:21 INFO  manager.MyListener - Before Find Element By -->By.cssSelector: div.dialog-container h1
18:27:21 INFO  manager.MyListener - After Find Element By -->By.cssSelector: div.dialog-container h1
18:27:21 INFO  manager.MyListener - Before Find Element By -->By.cssSelector: label[for='terms-of-use']
18:27:22 INFO  manager.MyListener - After Find Element By -->By.cssSelector: label[for='terms-of-use']
18:27:28 INFO  manager.MyListener - Before Find Elements By -->By.xpath: //*[@class='positive-button ng-star-inserted']
18:27:31 INFO  manager.MyListener - After Find Elements By -->By.xpath: //*[@class='positive-button ng-star-inserted']
18:27:31 INFO  manager.MyListener - List size is -->0
18:27:31 INFO  manager.MyListener - Before Find Elements By -->By.xpath: //a[.=' Logout ']
18:27:31 INFO  manager.MyListener - After Find Elements By -->By.xpath: //a[.=' Logout ']
18:27:31 INFO  manager.MyListener - List size is -->1
18:27:31 INFO  manager.MyListener - Before Find Element By -->By.xpath: //a[.=' Logout ']
18:27:31 INFO  manager.MyListener - After Find Element By -->By.xpath: //a[.=' Logout ']
18:27:31 INFO  manager.MyListener - Before Find Element By -->By.xpath: //*[.=' Log in ']
18:27:31 INFO  manager.MyListener - After Find Element By -->By.xpath: //*[.=' Log in ']
18:27:31 INFO  manager.MyListener - Before Find Element By -->By.cssSelector: #email
18:27:31 INFO  manager.MyListener - After Find Element By -->By.cssSelector: #email
18:27:31 INFO  manager.MyListener - Before Find Element By -->By.cssSelector: #password
18:27:31 INFO  manager.MyListener - After Find Element By -->By.cssSelector: #password
18:27:31 INFO  manager.MyListener - Before Find Element By -->By.xpath: //*[@type='submit']
18:27:31 INFO  manager.MyListener - After Find Element By -->By.xpath: //*[@type='submit']
18:27:31 INFO  manager.MyListener - Before Find Elements By -->By.xpath: //a[.=' Logout ']
18:27:33 INFO  manager.MyListener - After Find Elements By -->By.xpath: //a[.=' Logout ']
18:27:33 INFO  manager.MyListener - List size is -->1
18:27:33 INFO  manager.MyListener - Before Find Element By -->By.cssSelector: div.dialog-container
18:27:33 INFO  manager.MyListener - After Find Element By -->By.cssSelector: div.dialog-container
18:27:33 INFO  manager.MyListener - Before Find Element By -->By.cssSelector: h2.message
18:27:33 INFO  manager.MyListener - After Find Element By -->By.cssSelector: h2.message
18:27:35 INFO  manager.MyListener - Before Find Elements By -->By.xpath: //*[@class='positive-button ng-star-inserted']
18:27:35 INFO  manager.MyListener - After Find Elements By -->By.xpath: //*[@class='positive-button ng-star-inserted']
18:27:35 INFO  manager.MyListener - List size is -->1
18:27:35 INFO  manager.MyListener - Before Find Element By -->By.xpath: //*[@class='positive-button ng-star-inserted']
18:27:35 INFO  manager.MyListener - After Find Element By -->By.xpath: //*[@class='positive-button ng-star-inserted']
18:27:35 INFO  manager.MyListener - Before Find Elements By -->By.xpath: //a[.=' Logout ']
18:27:35 INFO  manager.MyListener - After Find Elements By -->By.xpath: //a[.=' Logout ']
18:27:35 INFO  manager.MyListener - List size is -->1
18:27:35 INFO  TestBase - Test starts with data--->Car(location=Haifa, Israel, make=Bmw, model=5, year=2001, engine=2.0, fuel=Petrol, gear=MT, wD=RWD, doors=4, seats=5, classCar=M, fuelConsumption=5, carRegistrationNumber=10968, distance=5000, price=99.9, featureS=plus, about=strong car)
18:27:36 INFO  manager.MyListener - Before Find Element By -->By.xpath: //a[.=' Let the car work ']
18:27:36 INFO  manager.MyListener - After Find Element By -->By.xpath: //a[.=' Let the car work ']
18:27:36 INFO  manager.MyListener - Before Find Element By -->By.id: pickUpPlace
18:27:37 INFO  manager.MyListener - After Find Element By -->By.id: pickUpPlace
18:27:37 INFO  manager.MyListener - Before Find Element By -->By.cssSelector: div.pac-item
18:27:38 INFO  manager.MyListener - After Find Element By -->By.cssSelector: div.pac-item
18:27:38 INFO  manager.MyListener - Before Find Element By -->By.id: make
18:27:38 INFO  manager.MyListener - After Find Element By -->By.id: make
18:27:38 INFO  manager.MyListener - Before Find Element By -->By.id: model
18:27:38 INFO  manager.MyListener - After Find Element By -->By.id: model
18:27:38 INFO  manager.MyListener - Before Find Element By -->By.id: year
18:27:39 INFO  manager.MyListener - After Find Element By -->By.id: year
18:27:39 INFO  manager.MyListener - Before Find Element By -->By.id: engine
18:27:39 INFO  manager.MyListener - After Find Element By -->By.id: engine
18:27:39 INFO  manager.MyListener - Before Find Element By -->By.id: doors
18:27:39 INFO  manager.MyListener - After Find Element By -->By.id: doors
18:27:39 INFO  manager.MyListener - Before Find Element By -->By.id: seats
18:27:39 INFO  manager.MyListener - After Find Element By -->By.id: seats
18:27:39 INFO  manager.MyListener - Before Find Element By -->By.id: class
18:27:39 INFO  manager.MyListener - After Find Element By -->By.id: class
18:27:39 INFO  manager.MyListener - Before Find Element By -->By.id: fuelConsumption
18:27:39 INFO  manager.MyListener - After Find Element By -->By.id: fuelConsumption
18:27:40 INFO  manager.MyListener - Before Find Element By -->By.id: serialNumber
18:27:40 INFO  manager.MyListener - After Find Element By -->By.id: serialNumber
18:27:40 INFO  manager.MyListener - Before Find Element By -->By.id: price
18:27:40 INFO  manager.MyListener - After Find Element By -->By.id: price
18:27:40 INFO  manager.MyListener - Before Find Element By -->By.id: distance
18:27:40 INFO  manager.MyListener - After Find Element By -->By.id: distance
18:27:40 INFO  manager.MyListener - Before Find Element By -->By.xpath: //input[@placeholder='Type feature']
18:27:40 INFO  manager.MyListener - After Find Element By -->By.xpath: //input[@placeholder='Type feature']
18:27:40 INFO  manager.MyListener - Before Find Element By -->By.id: about
18:27:40 INFO  manager.MyListener - After Find Element By -->By.id: about
18:27:40 INFO  manager.MyListener - Before Find Element By -->By.id: fuel
18:27:41 INFO  manager.MyListener - After Find Element By -->By.id: fuel
18:27:41 INFO  manager.MyListener - Before Find Element By -->By.id: gear
18:27:41 INFO  manager.MyListener - After Find Element By -->By.id: gear
18:27:41 INFO  manager.MyListener - Before Find Element By -->By.id: wheelsDrive
18:27:41 INFO  manager.MyListener - After Find Element By -->By.id: wheelsDrive
18:27:41 INFO  manager.MyListener - Before Find Element By -->By.id: photos
18:27:41 INFO  manager.MyListener - After Find Element By -->By.id: photos
18:27:41 INFO  manager.MyListener - Before Find Element By -->By.xpath: //*[@type='submit']
18:27:41 INFO  manager.MyListener - After Find Element By -->By.xpath: //*[@type='submit']
18:27:42 INFO  manager.MyListener - Before Find Element By -->By.xpath: //*[@type='submit']
18:27:42 INFO  manager.MyListener - After Find Element By -->By.xpath: //*[@type='submit']
18:27:42 INFO  manager.MyListener - Before Find Element By -->By.xpath: //*[@type='submit']
18:27:42 INFO  manager.MyListener - After Find Element By -->By.xpath: //*[@type='submit']
18:27:43 INFO  manager.MyListener - Before Find Element By -->By.xpath: //*[@type='submit']
18:27:43 INFO  manager.MyListener - After Find Element By -->By.xpath: //*[@type='submit']
18:27:43 INFO  manager.MyListener - Before Find Element By -->By.xpath: //*[@type='submit']
18:27:43 INFO  manager.MyListener - After Find Element By -->By.xpath: //*[@type='submit']
18:27:43 INFO  manager.MyListener - Before Find Element By -->By.cssSelector: div.dialog-container
18:27:45 INFO  manager.MyListener - After Find Element By -->By.cssSelector: div.dialog-container
18:27:45 INFO  manager.MyListener - Before Find Element By -->By.cssSelector: div.dialog-container h1
18:27:45 INFO  manager.MyListener - After Find Element By -->By.cssSelector: div.dialog-container h1
18:27:45 INFO  manager.MyListener - Before Find Element By -->By.xpath: //button[text()='Search cars']
18:27:45 INFO  manager.MyListener - After Find Element By -->By.xpath: //button[text()='Search cars']
18:27:45 INFO  manager.MyListener - Before Find Element By -->By.cssSelector: .header a.logo
18:27:45 INFO  manager.MyListener - After Find Element By -->By.cssSelector: .header a.logo
18:27:46 INFO  manager.MyListener - Before Find Element By -->By.id: city
18:27:46 INFO  manager.MyListener - After Find Element By -->By.id: city
18:27:47 INFO  manager.MyListener - Before Find Element By -->By.cssSelector: div.pac-item
18:27:48 INFO  manager.MyListener - After Find Element By -->By.cssSelector: div.pac-item
18:27:48 INFO  manager.MyListener - Before Find Element By -->By.id: dates
18:27:48 INFO  manager.MyListener - After Find Element By -->By.id: dates
18:27:48 INFO  manager.HelperSearch - OS is --->Windows 10
18:27:48 INFO  manager.MyListener - Before Find Element By -->By.id: dates
18:27:48 INFO  manager.MyListener - After Find Element By -->By.id: dates
18:27:48 INFO  manager.MyListener - Before Find Element By -->By.cssSelector: button[aria-label$='Next month']
18:27:48 INFO  manager.MyListener - After Find Element By -->By.cssSelector: button[aria-label$='Next month']
18:27:48 INFO  manager.MyListener - Before Find Element By -->By.cssSelector: button[aria-label$='Next month']
18:27:48 INFO  manager.MyListener - After Find Element By -->By.cssSelector: button[aria-label$='Next month']
18:27:48 INFO  manager.MyListener - Before Find Element By -->By.cssSelector: button[aria-label$='Next month']
18:27:48 INFO  manager.MyListener - After Find Element By -->By.cssSelector: button[aria-label$='Next month']
18:27:48 INFO  manager.MyListener - Before Find Element By -->By.cssSelector: button[aria-label$='Next month']
18:27:48 INFO  manager.MyListener - After Find Element By -->By.cssSelector: button[aria-label$='Next month']
18:27:48 INFO  manager.MyListener - Before Find Element By -->By.xpath: //div[text()=' 8 ']
18:27:48 INFO  manager.MyListener - After Find Element By -->By.xpath: //div[text()=' 8 ']
18:27:48 INFO  manager.MyListener - Before Find Element By -->By.cssSelector: button[aria-label$='Next month']
18:27:48 INFO  manager.MyListener - After Find Element By -->By.cssSelector: button[aria-label$='Next month']
18:27:48 INFO  manager.MyListener - Before Find Element By -->By.cssSelector: button[aria-label$='Next month']
18:27:48 INFO  manager.MyListener - After Find Element By -->By.cssSelector: button[aria-label$='Next month']
18:27:48 INFO  manager.MyListener - Before Find Element By -->By.cssSelector: button[aria-label$='Next month']
18:27:48 INFO  manager.MyListener - After Find Element By -->By.cssSelector: button[aria-label$='Next month']
18:27:49 INFO  manager.MyListener - Before Find Element By -->By.xpath: //div[text()=' 10 ']
18:27:49 INFO  manager.MyListener - After Find Element By -->By.xpath: //div[text()=' 10 ']
18:27:49 INFO  manager.MyListener - Before Find Element By -->By.xpath: //*[@type='submit']
18:27:49 INFO  manager.MyListener - After Find Element By -->By.xpath: //*[@type='submit']
18:27:49 INFO  manager.MyListener - Before Find Element By -->By.xpath: //*[@type='submit']
18:27:49 INFO  manager.MyListener - After Find Element By -->By.xpath: //*[@type='submit']
18:27:49 INFO  manager.MyListener - Before Find Elements By -->By.xpath: //div[@class='car-img-container ng-star-inserted']
18:27:50 INFO  manager.MyListener - After Find Elements By -->By.xpath: //div[@class='car-img-container ng-star-inserted']
18:27:50 INFO  manager.MyListener - List size is -->10
18:27:50 INFO  manager.MyListener - Before Find Element By -->By.cssSelector: input[aria-haspopup='dialog']
18:27:50 INFO  manager.MyListener - After Find Element By -->By.cssSelector: input[aria-haspopup='dialog']
