00:01:24 INFO  manager.ApplicationManager - All tests start in  ChromeDriver
00:01:29 INFO  manager.MyListener - Before Find Elements By -->By.xpath: //a[.=' Logout ']
00:01:32 INFO  manager.MyListener - After Find Elements By -->By.xpath: //a[.=' Logout ']
00:01:32 INFO  manager.MyListener - List size is -->0
00:01:32 INFO  manager.MyListener - Before Find Element By -->By.xpath: //a[.=' Sign up ']
00:01:32 INFO  manager.MyListener - After Find Element By -->By.xpath: //a[.=' Sign up ']
00:01:32 INFO  manager.MyListener - Before Find Element By -->By.cssSelector: #email
00:01:33 INFO  manager.MyListener - After Find Element By -->By.cssSelector: #email
00:01:33 INFO  manager.MyListener - Before Find Element By -->By.cssSelector: #password
00:01:33 INFO  manager.MyListener - After Find Element By -->By.cssSelector: #password
00:01:33 INFO  manager.MyListener - Before Find Element By -->By.cssSelector: #name
00:01:33 INFO  manager.MyListener - After Find Element By -->By.cssSelector: #name
00:01:34 INFO  manager.MyListener - Before Find Element By -->By.cssSelector: #lastName
00:01:34 INFO  manager.MyListener - After Find Element By -->By.cssSelector: #lastName
00:01:34 INFO  manager.MyListener - Before Find Element By -->By.cssSelector: label[for='terms-of-use']
00:01:34 INFO  manager.MyListener - After Find Element By -->By.cssSelector: label[for='terms-of-use']
00:01:34 INFO  manager.MyListener - Before Find Element By -->By.xpath: //*[@type='submit']
00:01:34 INFO  manager.MyListener - After Find Element By -->By.xpath: //*[@type='submit']
00:01:34 INFO  manager.MyListener - Before Find Elements By -->By.xpath: //a[.=' Logout ']
00:01:35 INFO  manager.MyListener - After Find Elements By -->By.xpath: //a[.=' Logout ']
00:01:35 INFO  manager.MyListener - List size is -->1
00:01:35 INFO  manager.MyListener - Before Find Element By -->By.cssSelector: div.dialog-container
00:01:35 INFO  manager.MyListener - After Find Element By -->By.cssSelector: div.dialog-container
00:01:36 INFO  manager.MyListener - Before Find Element By -->By.cssSelector: div.dialog-container h1
00:01:36 INFO  manager.MyListener - After Find Element By -->By.cssSelector: div.dialog-container h1
00:01:36 INFO  manager.MyListener - Before Find Element By -->By.cssSelector: label[for='terms-of-use']
00:01:36 INFO  manager.MyListener - After Find Element By -->By.cssSelector: label[for='terms-of-use']
00:01:38 INFO  manager.MyListener - Before Find Elements By -->By.xpath: //*[@class='positive-button ng-star-inserted']
00:01:41 INFO  manager.MyListener - After Find Elements By -->By.xpath: //*[@class='positive-button ng-star-inserted']
00:01:41 INFO  manager.MyListener - List size is -->0
00:01:41 INFO  manager.MyListener - Before Find Elements By -->By.xpath: //a[.=' Logout ']
00:01:41 INFO  manager.MyListener - After Find Elements By -->By.xpath: //a[.=' Logout ']
00:01:41 INFO  manager.MyListener - List size is -->1
00:01:41 INFO  manager.MyListener - Before Find Element By -->By.xpath: //a[.=' Logout ']
00:01:41 INFO  manager.MyListener - After Find Element By -->By.xpath: //a[.=' Logout ']
00:01:41 INFO  manager.MyListener - Before Find Element By -->By.xpath: //*[.=' Log in ']
00:01:41 INFO  manager.MyListener - After Find Element By -->By.xpath: //*[.=' Log in ']
00:01:41 INFO  manager.MyListener - Before Find Element By -->By.cssSelector: #email
00:01:42 INFO  manager.MyListener - After Find Element By -->By.cssSelector: #email
00:01:42 INFO  manager.MyListener - Before Find Element By -->By.cssSelector: #password
00:01:42 INFO  manager.MyListener - After Find Element By -->By.cssSelector: #password
00:01:42 INFO  manager.MyListener - Before Find Element By -->By.xpath: //*[@type='submit']
00:01:42 INFO  manager.MyListener - After Find Element By -->By.xpath: //*[@type='submit']
00:01:42 INFO  manager.MyListener - Before Find Elements By -->By.xpath: //a[.=' Logout ']
00:01:44 INFO  manager.MyListener - After Find Elements By -->By.xpath: //a[.=' Logout ']
00:01:44 INFO  manager.MyListener - List size is -->1
00:01:44 INFO  manager.MyListener - Before Find Element By -->By.cssSelector: div.dialog-container
00:01:44 INFO  manager.MyListener - After Find Element By -->By.cssSelector: div.dialog-container
00:01:44 INFO  manager.MyListener - Before Find Element By -->By.cssSelector: h2.message
00:01:44 INFO  manager.MyListener - After Find Element By -->By.cssSelector: h2.message
00:01:46 INFO  manager.MyListener - Before Find Elements By -->By.xpath: //*[@class='positive-button ng-star-inserted']
00:01:46 INFO  manager.MyListener - After Find Elements By -->By.xpath: //*[@class='positive-button ng-star-inserted']
00:01:46 INFO  manager.MyListener - List size is -->1
00:01:46 INFO  manager.MyListener - Before Find Element By -->By.xpath: //*[@class='positive-button ng-star-inserted']
00:01:46 INFO  manager.MyListener - After Find Element By -->By.xpath: //*[@class='positive-button ng-star-inserted']
00:01:46 INFO  manager.MyListener - Before Find Elements By -->By.xpath: //a[.=' Logout ']
00:01:46 INFO  manager.MyListener - After Find Elements By -->By.xpath: //a[.=' Logout ']
00:01:46 INFO  manager.MyListener - List size is -->1
00:01:46 INFO  TestBase - Test starts with data--->Car(location=Haifa, Israel, make=Bmw, model=5, year=2001, engine=2.0, fuel=Petrol, gear=MT, wD=RWD, doors=4, seats=5, classCar=M, fuelConsumption=5, carRegistrationNumber=10571, distance=5000, price=99.9, featureS=plus, about=strong car)
00:01:47 INFO  manager.MyListener - Before Find Element By -->By.xpath: //a[.=' Let the car work ']
00:01:48 INFO  manager.MyListener - After Find Element By -->By.xpath: //a[.=' Let the car work ']
00:01:48 INFO  manager.MyListener - Before Find Element By -->By.id: pickUpPlace
00:01:48 INFO  manager.MyListener - After Find Element By -->By.id: pickUpPlace
00:01:49 INFO  manager.MyListener - Before Find Element By -->By.cssSelector: div.pac-item
00:01:50 INFO  manager.MyListener - After Find Element By -->By.cssSelector: div.pac-item
00:01:51 INFO  manager.MyListener - Before Find Element By -->By.id: make
00:01:51 INFO  manager.MyListener - After Find Element By -->By.id: make
00:01:51 INFO  manager.MyListener - Before Find Element By -->By.id: model
00:01:51 INFO  manager.MyListener - After Find Element By -->By.id: model
00:01:51 INFO  manager.MyListener - Before Find Element By -->By.id: year
00:01:51 INFO  manager.MyListener - After Find Element By -->By.id: year
00:01:52 INFO  manager.MyListener - Before Find Element By -->By.id: engine
00:01:52 INFO  manager.MyListener - After Find Element By -->By.id: engine
00:01:52 INFO  manager.MyListener - Before Find Element By -->By.id: doors
00:01:52 INFO  manager.MyListener - After Find Element By -->By.id: doors
00:01:52 INFO  manager.MyListener - Before Find Element By -->By.id: seats
00:01:52 INFO  manager.MyListener - After Find Element By -->By.id: seats
00:01:53 INFO  manager.MyListener - Before Find Element By -->By.id: class
00:01:53 INFO  manager.MyListener - After Find Element By -->By.id: class
00:01:53 INFO  manager.MyListener - Before Find Element By -->By.id: fuelConsumption
00:01:53 INFO  manager.MyListener - After Find Element By -->By.id: fuelConsumption
00:01:53 INFO  manager.MyListener - Before Find Element By -->By.id: serialNumber
00:01:53 INFO  manager.MyListener - After Find Element By -->By.id: serialNumber
00:01:54 INFO  manager.MyListener - Before Find Element By -->By.id: price
00:01:54 INFO  manager.MyListener - After Find Element By -->By.id: price
00:01:54 INFO  manager.MyListener - Before Find Element By -->By.id: distance
00:01:54 INFO  manager.MyListener - After Find Element By -->By.id: distance
00:01:54 INFO  manager.MyListener - Before Find Element By -->By.xpath: //input[@placeholder='Type feature']
00:01:54 INFO  manager.MyListener - After Find Element By -->By.xpath: //input[@placeholder='Type feature']
00:01:55 INFO  manager.MyListener - Before Find Element By -->By.id: about
00:01:55 INFO  manager.MyListener - After Find Element By -->By.id: about
00:01:55 INFO  manager.MyListener - Before Find Element By -->By.id: fuel
00:01:55 INFO  manager.MyListener - After Find Element By -->By.id: fuel
00:01:55 INFO  manager.MyListener - Before Find Element By -->By.id: gear
00:01:55 INFO  manager.MyListener - After Find Element By -->By.id: gear
00:01:55 INFO  manager.MyListener - Before Find Element By -->By.id: wheelsDrive
00:01:55 INFO  manager.MyListener - After Find Element By -->By.id: wheelsDrive
00:01:56 INFO  manager.MyListener - Before Find Element By -->By.id: photos
00:01:56 INFO  manager.MyListener - After Find Element By -->By.id: photos
00:01:56 INFO  manager.MyListener - Before Find Element By -->By.xpath: //*[@type='submit']
00:01:56 INFO  manager.MyListener - After Find Element By -->By.xpath: //*[@type='submit']
00:01:56 INFO  manager.MyListener - Before Find Element By -->By.xpath: //*[@type='submit']
00:01:56 INFO  manager.MyListener - After Find Element By -->By.xpath: //*[@type='submit']
00:01:57 INFO  manager.MyListener - Before Find Element By -->By.xpath: //*[@type='submit']
00:01:57 INFO  manager.MyListener - After Find Element By -->By.xpath: //*[@type='submit']
00:01:58 INFO  manager.MyListener - Before Find Element By -->By.xpath: //*[@type='submit']
00:01:58 INFO  manager.MyListener - After Find Element By -->By.xpath: //*[@type='submit']
00:01:58 INFO  manager.MyListener - Before Find Element By -->By.xpath: //*[@type='submit']
00:01:58 INFO  manager.MyListener - After Find Element By -->By.xpath: //*[@type='submit']
00:01:58 INFO  manager.MyListener - Before Find Element By -->By.xpath: //*[@type='submit']
00:01:58 INFO  manager.MyListener - After Find Element By -->By.xpath: //*[@type='submit']
00:01:58 INFO  manager.MyListener - Before Find Element By -->By.cssSelector: div.dialog-container
00:02:00 INFO  manager.MyListener - After Find Element By -->By.cssSelector: div.dialog-container
00:02:00 INFO  manager.MyListener - Before Find Element By -->By.cssSelector: div.dialog-container h1
00:02:00 INFO  manager.MyListener - After Find Element By -->By.cssSelector: div.dialog-container h1
00:02:00 INFO  manager.MyListener - Before Find Element By -->By.xpath: //button[text()='Search cars']
00:02:01 INFO  manager.MyListener - After Find Element By -->By.xpath: //button[text()='Search cars']
00:02:01 INFO  manager.MyListener - Before Find Element By -->By.cssSelector: .header a.logo
00:02:01 INFO  manager.MyListener - After Find Element By -->By.cssSelector: .header a.logo
00:02:02 INFO  manager.MyListener - Before Find Element By -->By.id: city
00:02:02 INFO  manager.MyListener - After Find Element By -->By.id: city
00:02:03 INFO  manager.MyListener - Before Find Element By -->By.cssSelector: div.pac-item
00:02:03 INFO  manager.MyListener - After Find Element By -->By.cssSelector: div.pac-item
00:02:03 INFO  manager.MyListener - Before Find Element By -->By.id: dates
00:02:03 INFO  manager.MyListener - After Find Element By -->By.id: dates
00:02:03 INFO  manager.HelperSearch - OS is --->Windows 10
00:02:03 INFO  manager.MyListener - Before Find Element By -->By.id: dates
00:02:03 INFO  manager.MyListener - After Find Element By -->By.id: dates
00:02:03 INFO  manager.MyListener - Before Find Element By -->By.cssSelector: button[aria-label$='Next month']
00:02:03 INFO  manager.MyListener - After Find Element By -->By.cssSelector: button[aria-label$='Next month']
00:02:03 INFO  manager.MyListener - Before Find Element By -->By.cssSelector: button[aria-label$='Next month']
00:02:04 INFO  manager.MyListener - After Find Element By -->By.cssSelector: button[aria-label$='Next month']
00:02:04 INFO  manager.MyListener - Before Find Element By -->By.cssSelector: button[aria-label$='Next month']
00:02:04 INFO  manager.MyListener - After Find Element By -->By.cssSelector: button[aria-label$='Next month']
00:02:04 INFO  manager.MyListener - Before Find Element By -->By.cssSelector: button[aria-label$='Next month']
00:02:04 INFO  manager.MyListener - After Find Element By -->By.cssSelector: button[aria-label$='Next month']
00:02:04 INFO  manager.MyListener - Before Find Element By -->By.xpath: //div[text()=' 8 ']
00:02:04 INFO  manager.MyListener - After Find Element By -->By.xpath: //div[text()=' 8 ']
00:02:04 INFO  manager.MyListener - Before Find Element By -->By.cssSelector: button[aria-label$='Next month']
00:02:04 INFO  manager.MyListener - After Find Element By -->By.cssSelector: button[aria-label$='Next month']
00:02:04 INFO  manager.MyListener - Before Find Element By -->By.cssSelector: button[aria-label$='Next month']
00:02:04 INFO  manager.MyListener - After Find Element By -->By.cssSelector: button[aria-label$='Next month']
00:02:04 INFO  manager.MyListener - Before Find Element By -->By.cssSelector: button[aria-label$='Next month']
00:02:04 INFO  manager.MyListener - After Find Element By -->By.cssSelector: button[aria-label$='Next month']
00:02:04 INFO  manager.MyListener - Before Find Element By -->By.xpath: //div[text()=' 10 ']
00:02:04 INFO  manager.MyListener - After Find Element By -->By.xpath: //div[text()=' 10 ']
00:02:04 INFO  manager.MyListener - Before Find Element By -->By.xpath: //*[@type='submit']
00:02:04 INFO  manager.MyListener - After Find Element By -->By.xpath: //*[@type='submit']
00:02:04 INFO  manager.MyListener - Before Find Element By -->By.xpath: //*[@type='submit']
00:02:04 INFO  manager.MyListener - After Find Element By -->By.xpath: //*[@type='submit']
00:02:05 INFO  manager.MyListener - Before Find Elements By -->By.xpath: //div[@class='car-img-container ng-star-inserted']
00:02:06 INFO  manager.MyListener - After Find Elements By -->By.xpath: //div[@class='car-img-container ng-star-inserted']
00:02:06 INFO  manager.MyListener - List size is -->10
00:02:06 INFO  manager.MyListener - Before Find Element By -->By.cssSelector: input[aria-haspopup='dialog']
00:02:06 INFO  manager.MyListener - After Find Element By -->By.cssSelector: input[aria-haspopup='dialog']
